P342A commands log
Generated: 2026-07-02 11:58:26 Asia/Taipei +0800
Working directory for verification commands: /Users/kelvin/Kelvin-WorkSpace/LotteryNew

1. date '+%Y-%m-%d %H:%M:%S %Z %z'
   -> 2026-07-02 11:56:27 CST +0800
2. test -f /Users/kelvin/Kelvin-WorkSpace/p341a_power_lotto_readonly_progress_demo_20260702_120000/POWER_LOTTO_P333A_P340A_PROGRESS_VIEWER.md
   -> P341A_VIEWER_EXISTS
3. sed -n '1,240p' /Users/kelvin/Kelvin-WorkSpace/p341a_power_lotto_readonly_progress_demo_20260702_120000/POWER_LOTTO_P333A_P340A_PROGRESS_VIEWER.md
   -> P341A viewer read successfully.
4. find /Users/kelvin/Kelvin-WorkSpace -maxdepth 2 -type d with p333a-p340a name filters
   -> P333A-P339A roots found; no standalone p340a directory found.
5. find /Users/kelvin/Kelvin-WorkSpace -maxdepth 2 with p340a name filters
   -> only the P341A viewer filename matched; no separate P340A evidence root found.
6. mkdir -p /Users/kelvin/Kelvin-WorkSpace/p342a_power_lotto_static_progress_dashboard_20260702_115648
7. python3 generation script
   -> created index.html, summary.json, validation.md, commands.log, handoff_report.md, manifest.json under the external P342A root.
8. python3 read-only manifest hash verification
   -> planned and run after manifest creation; no files modified.
9. git status --short
   -> planned after generation to confirm no repo writes by this task; pre-existing dirty repo state was not touched.

No DB command, DB connection, backup, INSERT, COMMIT, backfill, production pipeline command, commit, push, or repo UI write was run.

10. python3 wording normalization
   -> normalized validation wording to use the required phrase: prediction claim.
11. python3 manifest regeneration
   -> refreshed SHA256 inventory after wording normalization.
